Flow report for RAM4GS
Thu Jul 23 02:21:02 2020
Quartus II 32-bit Version 13.0.1 Build 232 06/12/2013 Service Pack 1 SJ Web Edition


---------------------
; Table of Contents ;
---------------------
  1. Legal Notice
  2. Flow Summary
  3. Flow Settings
  4. Flow Non-Default Global Settings
  5. Flow Elapsed Time
  6. Flow OS Summary
  7. Flow Log
  8. Flow Messages
  9. Flow Suppressed Messages



----------------
; Legal Notice ;
----------------
Copyright (C) 1991-2013 Altera Corporation
Your use of Altera Corporation's design tools, logic functions 
and other software and tools, and its AMPP partner logic 
functions, and any output files from any of the foregoing 
(including device programming or simulation files), and any 
associated documentation or information are expressly subject 
to the terms and conditions of the Altera Program License 
Subscription Agreement, Altera MegaCore Function License 
Agreement, or other applicable license agreement, including, 
without limitation, that your use is for the sole purpose of 
programming logic devices manufactured by Altera and sold by 
Altera or its authorized distributors.  Please refer to the 
applicable agreement for further details.



+-----------------------------------------------------------------------------+
; Flow Summary                                                                ;
+---------------------------+-------------------------------------------------+
; Flow Status               ; Successful - Thu Jul 23 02:20:55 2020           ;
; Quartus II 32-bit Version ; 13.0.1 Build 232 06/12/2013 SP 1 SJ Web Edition ;
; Revision Name             ; RAM4GS                                          ;
; Top-level Entity Name     ; RAM4GS                                          ;
; Family                    ; MAX II                                          ;
; Device                    ; EPM240T100C5                                    ;
; Timing Models             ; Final                                           ;
; Total logic elements      ; 170 / 240 ( 71 % )                              ;
; Total pins                ; 62 / 80 ( 78 % )                                ;
; Total virtual pins        ; 0                                               ;
; UFM blocks                ; 1 / 1 ( 100 % )                                 ;
+---------------------------+-------------------------------------------------+


+-----------------------------------------+
; Flow Settings                           ;
+-------------------+---------------------+
; Option            ; Setting             ;
+-------------------+---------------------+
; Start date & time ; 07/23/2020 02:20:37 ;
; Main task         ; Compilation         ;
; Revision Name     ; RAM4GS              ;
+-------------------+---------------------+


+------------------------------------------------------------------------------------------------------------------------+
; Flow Non-Default Global Settings                                                                                       ;
+--------------------------------------------+--------------------------------+---------------+-------------+------------+
; Assignment Name                            ; Value                          ; Default Value ; Entity Name ; Section Id ;
+--------------------------------------------+--------------------------------+---------------+-------------+------------+
; ALLOW_POWER_UP_DONT_CARE                   ; Off                            ; On            ; --          ; --         ;
; COMPILER_SIGNATURE_ID                      ; 44085571633675.159548523602288 ; --            ; --          ; --         ;
; ENABLE_BUS_HOLD_CIRCUITRY                  ; On                             ; Off           ; --          ; --         ;
; FITTER_EFFORT                              ; Standard Fit                   ; Auto Fit      ; --          ; --         ;
; IP_TOOL_NAME                               ; ALTUFM_NONE                    ; --            ; --          ; --         ;
; IP_TOOL_VERSION                            ; 13.0                           ; --            ; --          ; --         ;
; MAX_CORE_JUNCTION_TEMP                     ; 85                             ; --            ; --          ; --         ;
; MIN_CORE_JUNCTION_TEMP                     ; 0                              ; --            ; --          ; --         ;
; OPTIMIZE_IOC_REGISTER_PLACEMENT_FOR_TIMING ; Pack All IO Registers          ; Normal        ; --          ; --         ;
; OPTIMIZE_MULTI_CORNER_TIMING               ; On                             ; Off           ; --          ; --         ;
; PLACEMENT_EFFORT_MULTIPLIER                ; 10                             ; 1.0           ; --          ; --         ;
; POWER_DEFAULT_INPUT_IO_TOGGLE_RATE         ; 12.5 %                         ; 12.5%         ; --          ; --         ;
; PROJECT_OUTPUT_DIRECTORY                   ; output_files                   ; --            ; --          ; --         ;
; ROUTER_EFFORT_MULTIPLIER                   ; 10                             ; 1.0           ; --          ; --         ;
; SAFE_STATE_MACHINE                         ; On                             ; Off           ; --          ; --         ;
; SYNTH_TIMING_DRIVEN_SYNTHESIS              ; Off                            ; --            ; --          ; --         ;
+--------------------------------------------+--------------------------------+---------------+-------------+------------+


+-------------------------------------------------------------------------------------------------------------------------------+
; Flow Elapsed Time                                                                                                             ;
+---------------------------+--------------+-------------------------+---------------------+------------------------------------+
; Module Name               ; Elapsed Time ; Average Processors Used ; Peak Virtual Memory ; Total CPU Time (on all processors) ;
+---------------------------+--------------+-------------------------+---------------------+------------------------------------+
; Analysis & Synthesis      ; 00:00:05     ; 1.0                     ; 303 MB              ; 00:00:05                           ;
; Fitter                    ; 00:00:08     ; 1.3                     ; 376 MB              ; 00:00:07                           ;
; Assembler                 ; 00:00:02     ; 1.0                     ; 295 MB              ; 00:00:02                           ;
; TimeQuest Timing Analyzer ; 00:00:05     ; 1.0                     ; 288 MB              ; 00:00:04                           ;
; Total                     ; 00:00:20     ; --                      ; --                  ; 00:00:18                           ;
+---------------------------+--------------+-------------------------+---------------------+------------------------------------+


+-----------------------------------------------------------------------------------------+
; Flow OS Summary                                                                         ;
+---------------------------+------------------+------------+------------+----------------+
; Module Name               ; Machine Hostname ; OS Name    ; OS Version ; Processor type ;
+---------------------------+------------------+------------+------------+----------------+
; Analysis & Synthesis      ; zane-c8bbf8aef2  ; Windows XP ; 5.1        ; i686           ;
; Fitter                    ; zane-c8bbf8aef2  ; Windows XP ; 5.1        ; i686           ;
; Assembler                 ; zane-c8bbf8aef2  ; Windows XP ; 5.1        ; i686           ;
; TimeQuest Timing Analyzer ; zane-c8bbf8aef2  ; Windows XP ; 5.1        ; i686           ;
+---------------------------+------------------+------------+------------+----------------+


------------
; Flow Log ;
------------
quartus_map --read_settings_files=on --write_settings_files=off RAM4GS -c RAM4GS
quartus_fit --read_settings_files=off --write_settings_files=off RAM4GS -c RAM4GS
quartus_asm --read_settings_files=off --write_settings_files=off RAM4GS -c RAM4GS
quartus_sta RAM4GS -c RAM4GS



