Running in Lattice mode

                               Synplify Pro (R) 

                Version R-2021.03L-SP1 for win64 - Aug 10, 2021 

                    Copyright (c) 1988 - 2021 Synopsys, Inc.
   This software and the associated documentation are proprietary to Synopsys,
 Inc. This software may only be used in accordance with the terms and conditions
 of a written license agreement with Synopsys, Inc. All other use, reproduction,
            or distribution of this software is strictly prohibited.

Starting:    C:\lscc\diamond\3.12\synpbase\bin64\mbin\synbatch.exe
Install:     C:\lscc\diamond\3.12\synpbase
Hostname:    ZANEMACWIN11
Date:        Sat Aug 19 20:53:10 2023
Version:     R-2021.03L-SP1

Arguments:   -product synplify_pro -batch RAM2GS_LCMXO256C_impl1_synplify.tcl
ProductType: synplify_pro




log file: "Y:\Repos\RAM2GS\CPLD\LCMXO256C\impl1\RAM2GS_LCMXO256C_impl1.srr"
Running: impl1 in foreground

Running proj_1|impl1

Running Flow: compile (Compile) on proj_1|impl1
# Sat Aug 19 20:53:10 2023

Running Flow: compile_flow (Compile Process) on proj_1|impl1
# Sat Aug 19 20:53:10 2023

Running: compiler (Compile Input) on proj_1|impl1
# Sat Aug 19 20:53:10 2023
Copied Y:\Repos\RAM2GS\CPLD\LCMXO256C\impl1\synwork\RAM2GS_LCMXO256C_impl1_comp.srs to Y:\Repos\RAM2GS\CPLD\LCMXO256C\impl1\RAM2GS_LCMXO256C_impl1.srs

compiler completed
# Sat Aug 19 20:53:12 2023

Return Code: 0
Run Time:00h:00m:02s

Running: multi_srs_gen (Multi-srs Generator) on proj_1|impl1
# Sat Aug 19 20:53:12 2023

multi_srs_gen completed
# Sat Aug 19 20:53:12 2023

Return Code: 0
Run Time:00h:00m:00s
Copied Y:\Repos\RAM2GS\CPLD\LCMXO256C\impl1\synwork\RAM2GS_LCMXO256C_impl1_mult.srs to Y:\Repos\RAM2GS\CPLD\LCMXO256C\impl1\RAM2GS_LCMXO256C_impl1.srs
Copied Y:\Repos\RAM2GS\CPLD\LCMXO256C\impl1\RAM2GS_LCMXO256C_impl1.srr to Y:\Repos\RAM2GS\CPLD\LCMXO256C\impl1\RAM2GS_LCMXO256C_impl1.srf
Complete: Compile Process on proj_1|impl1

Running: premap (Premap) on proj_1|impl1
# Sat Aug 19 20:53:12 2023

premap completed with warnings
# Sat Aug 19 20:53:14 2023

Return Code: 1
Run Time:00h:00m:02s
Complete: Compile on proj_1|impl1

Running Flow: map (Map) on proj_1|impl1
# Sat Aug 19 20:53:14 2023
License granted for 4 parallel jobs

Running: fpga_mapper (Map & Optimize) on proj_1|impl1
# Sat Aug 19 20:53:14 2023
Copied Y:\Repos\RAM2GS\CPLD\LCMXO256C\impl1\synwork\RAM2GS_LCMXO256C_impl1_m.srm to Y:\Repos\RAM2GS\CPLD\LCMXO256C\impl1\RAM2GS_LCMXO256C_impl1.srm

fpga_mapper completed with warnings
# Sat Aug 19 20:53:17 2023

Return Code: 1
Run Time:00h:00m:03s
Complete: Map on proj_1|impl1
Copied Y:\Repos\RAM2GS\CPLD\LCMXO256C\impl1\RAM2GS_LCMXO256C_impl1.srr to Y:\Repos\RAM2GS\CPLD\LCMXO256C\impl1\RAM2GS_LCMXO256C_impl1.srf
Complete: Logic Synthesis on proj_1|impl1
TCL script complete: "RAM2GS_LCMXO256C_impl1_synplify.tcl"
exit status=0
exit status=0
Save changes for project:
Y:\Repos\RAM2GS\CPLD\LCMXO256C\impl1\proj_1.prj
batch mode default:no
