Resource Usage Report
Part: lcmxo2_640hc-4

Register bits: 111 of 640 (17%)
PIC Latch:       0
I/O cells:       63

Details:
BB:             8
CCU2D:          10
EFB:            1
FD1P3AX:        28
FD1P3IX:        2
FD1S3AX:        52
FD1S3IX:        4
GSR:            1
IB:             25
IFS1P3DX:       9
INV:            6
OB:             30
OFS1P3BX:       4
OFS1P3DX:       11
OFS1P3JX:       1
ORCALUT4:       199
PFUMX:          3
PUR:            1
VHI:            2
VLO:            2
